<?xml version="1.0" encoding="UTF-8"?>
<!-- Generated by org.testng.reporters.JUnitReportReporter -->
<testsuite hostname="SATISH-PC" name="org.ej.learning.DataProviderDemo" tests="2" failures="0" timestamp="25 Aug 2018 15:17:09 GMT" time="0.015" errors="0">
  <testcase name="setData" time="0.015" classname="org.ej.learning.DataProviderDemo"/>
  <testcase name="setData" time="0.000" classname="org.ej.learning.DataProviderDemo"/>
</testsuite> <!-- org.ej.learning.DataProviderDemo -->
