<?xml version="1.0" encoding="UTF-8"?>
<!-- Generated by org.testng.reporters.JUnitReportReporter -->
<testsuite hostname="SATISH-PC" name="org.ej.learning.Maths" tests="2" failures="0" timestamp="5 Jul 2018 13:52:58 GMT" time="0.021" errors="0">
  <testcase name="subtract" time="0.003" classname="org.ej.learning.Maths"/>
  <testcase name="add" time="0.018" classname="org.ej.learning.Maths"/>
</testsuite> <!-- org.ej.learning.Maths -->
