<?xml version="1.0" encoding="UTF-8"?>
<!-- Generated by org.testng.reporters.JUnitReportReporter -->
<testsuite hostname="SATISH-PC" name="org.ej.learning.Maths1234" tests="1" failures="0" timestamp="5 Jul 2018 13:52:58 GMT" time="0.012" errors="0">
  <testcase name="sqrt" time="0.012" classname="org.ej.learning.Maths1234"/>
</testsuite> <!-- org.ej.learning.Maths1234 -->
